# JRE version: Java(TM) SE Runtime Environment (8.0_281-b09) (build 1.8.0_281-b09)
# Java VM: Java HotSpot(TM) 64-Bit Server VM (25.281-b09 mixed mode windows-amd64 compressed oops)
Heap:
 PSYoungGen      total 8704K, used 6144K [0x00000000d6180000, 0x00000000d7280000, 0x0000000100000000)
  eden space 6144K, 100% used [0x00000000d6180000,0x00000000d6780000,0x00000000d6780000)
  from space 2560K, 0% used [0x00000000d7000000,0x00000000d7000000,0x00000000d7280000)
  to   space 512K, 0% used [0x00000000d6780000,0x00000000d6780000,0x00000000d6800000)
 ParOldGen       total 5632K, used 5398K [0x0000000082400000, 0x0000000082980000, 0x00000000d6180000)
  object space 5632K, 95% used [0x0000000082400000,0x0000000082945968,0x0000000082980000)
 Metaspace       used 8452K, capacity 8948K, committed 9216K, reserved 1056768K
  class space    used 988K, capacity 1008K, committed 1024K, reserved 1048576K
GC Heap History (10 events):
Event: 0.920 GC heap after
Heap after GC invocations=7 (full 1):
 PSYoungGen      total 8704K, used 510K [0x00000000d6180000, 0x00000000d7280000, 0x0000000100000000)
  eden space 6144K, 0% used [0x00000000d6180000,0x00000000d6180000,0x00000000d6780000)
  from space 2560K, 19% used [0x00000000d7000000,0x00000000d707fa38,0x00000000d7280000)
  to   space 512K, 0% used [0x00000000d6780000,0x00000000d6780000,0x00000000d6800000)
 ParOldGen       total 5632K, used 5239K [0x0000000082400000, 0x0000000082980000, 0x00000000d6180000)
  object space 5632K, 93% used [0x0000000082400000,0x000000008291de18,0x0000000082980000)
 Metaspace       used 7427K, capacity 8308K, committed 8448K, reserved 1056768K
  class space    used 889K, capacity 944K, committed 1024K, reserved 1048576K
}
Event: 1.008 GC heap before
{Heap before GC invocations=8 (full 2):
 PSYoungGen      total 8704K, used 6654K [0x00000000d6180000, 0x00000000d7280000, 0x0000000100000000)
  eden space 6144K, 100% used [0x00000000d6180000,0x00000000d6780000,0x00000000d6780000)
  from space 2560K, 19% used [0x00000000d7000000,0x00000000d707fa38,0x00000000d7280000)
  to   space 512K, 0% used [0x00000000d6780000,0x00000000d6780000,0x00000000d6800000)
 ParOldGen       total 5632K, used 5239K [0x0000000082400000, 0x0000000082980000, 0x00000000d6180000)
  object space 5632K, 93% used [0x0000000082400000,0x000000008291de18,0x0000000082980000)
 Metaspace       used 7518K, capacity 8372K, committed 8704K, reserved 1056768K
  class space    used 895K, capacity 944K, committed 1024K, reserved 1048576K
Event: 1.069 GC heap after
Heap after GC invocations=8 (full 2):
 PSYoungGen      total 8704K, used 2195K [0x00000000d6180000, 0x00000000d7280000, 0x0000000100000000)
  eden space 6144K, 35% used [0x00000000d6180000,0x00000000d63a4eb0,0x00000000d6780000)
  from space 2560K, 0% used [0x00000000d7000000,0x00000000d7000000,0x00000000d7280000)
  to   space 512K, 0% used [0x00000000d6780000,0x00000000d6780000,0x00000000d6800000)
 ParOldGen       total 5632K, used 5530K [0x0000000082400000, 0x0000000082980000, 0x00000000d6180000)
  object space 5632K, 98% used [0x0000000082400000,0x0000000082966858,0x0000000082980000)
 Metaspace       used 7518K, capacity 8372K, committed 8704K, reserved 1056768K
  class space    used 895K, capacity 944K, committed 1024K, reserved 1048576K
}
Event: 1.118 GC heap before
{Heap before GC invocations=9 (full 3):
 PSYoungGen      total 8704K, used 6132K [0x00000000d6180000, 0x00000000d7280000, 0x0000000100000000)
  eden space 6144K, 99% used [0x00000000d6180000,0x00000000d677d398,0x00000000d6780000)
  from space 2560K, 0% used [0x00000000d7000000,0x00000000d7000000,0x00000000d7280000)
  to   space 512K, 0% used [0x00000000d6780000,0x00000000d6780000,0x00000000d6800000)
 ParOldGen       total 5632K, used 5530K [0x0000000082400000, 0x0000000082980000, 0x00000000d6180000)
  object space 5632K, 98% used [0x0000000082400000,0x0000000082966858,0x0000000082980000)
 Metaspace       used 7610K, capacity 8436K, committed 8704K, reserved 1056768K
  class space    used 902K, capacity 944K, committed 1024K, reserved 1048576K
Event: 1.175 GC heap after
Heap after GC invocations=9 (full 3):
 PSYoungGen      total 8704K, used 2499K [0x00000000d6180000, 0x00000000d7280000, 0x0000000100000000)
  eden space 6144K, 40% used [0x00000000d6180000,0x00000000d63f0ea0,0x00000000d6780000)
  from space 2560K, 0% used [0x00000000d7000000,0x00000000d7000000,0x00000000d7280000)
  to   space 512K, 0% used [0x00000000d6780000,0x00000000d6780000,0x00000000d6800000)
 ParOldGen       total 5632K, used 5526K [0x0000000082400000, 0x0000000082980000, 0x00000000d6180000)
  object space 5632K, 98% used [0x0000000082400000,0x0000000082965a00,0x0000000082980000)
 Metaspace       used 7610K, capacity 8436K, committed 8704K, reserved 1056768K
  class space    used 902K, capacity 944K, committed 1024K, reserved 1048576K
}
Event: 1.216 GC heap before
{Heap before GC invocations=10 (full 4):
 PSYoungGen      total 8704K, used 6144K [0x00000000d6180000, 0x00000000d7280000, 0x0000000100000000)
  eden space 6144K, 100% used [0x00000000d6180000,0x00000000d6780000,0x00000000d6780000)
  from space 2560K, 0% used [0x00000000d7000000,0x00000000d7000000,0x00000000d7280000)
  to   space 512K, 0% used [0x00000000d6780000,0x00000000d6780000,0x00000000d6800000)
 ParOldGen       total 5632K, used 5526K [0x0000000082400000, 0x0000000082980000, 0x00000000d6180000)
  object space 5632K, 98% used [0x0000000082400000,0x0000000082965a00,0x0000000082980000)
 Metaspace       used 7672K, capacity 8500K, committed 8704K, reserved 1056768K
  class space    used 904K, capacity 944K, committed 1024K, reserved 1048576K
Event: 1.251 GC heap after
Heap after GC invocations=10 (full 4):
 PSYoungGen      total 8704K, used 2978K [0x00000000d6180000, 0x00000000d7280000, 0x0000000100000000)
  eden space 6144K, 48% used [0x00000000d6180000,0x00000000d6468920,0x00000000d6780000)
  from space 2560K, 0% used [0x00000000d7000000,0x00000000d7000000,0x00000000d7280000)
  to   space 512K, 0% used [0x00000000d6780000,0x00000000d6780000,0x00000000d6800000)
 ParOldGen       total 5632K, used 5526K [0x0000000082400000, 0x0000000082980000, 0x00000000d6180000)
  object space 5632K, 98% used [0x0000000082400000,0x00000000829659a8,0x0000000082980000)
 Metaspace       used 7672K, capacity 8500K, committed 8704K, reserved 1056768K
  class space    used 904K, capacity 944K, committed 1024K, reserved 1048576K
}
Event: 1.292 GC heap before
{Heap before GC invocations=11 (full 5):
 PSYoungGen      total 8704K, used 6144K [0x00000000d6180000, 0x00000000d7280000, 0x0000000100000000)
  eden space 6144K, 100% used [0x00000000d6180000,0x00000000d6780000,0x00000000d6780000)
  from space 2560K, 0% used [0x00000000d7000000,0x00000000d7000000,0x00000000d7280000)
  to   space 512K, 0% used [0x00000000d6780000,0x00000000d6780000,0x00000000d6800000)
 ParOldGen       total 5632K, used 5526K [0x0000000082400000, 0x0000000082980000, 0x00000000d6180000)
  object space 5632K, 98% used [0x0000000082400000,0x00000000829659a8,0x0000000082980000)
 Metaspace       used 7722K, capacity 8564K, committed 8704K, reserved 1056768K
  class space    used 907K, capacity 944K, committed 1024K, reserved 1048576K
Event: 1.327 GC heap after
Heap after GC invocations=11 (full 5):
 PSYoungGen      total 8704K, used 3721K [0x00000000d6180000, 0x00000000d7280000, 0x0000000100000000)
  eden space 6144K, 60% used [0x00000000d6180000,0x00000000d65227e8,0x00000000d6780000)
  from space 2560K, 0% used [0x00000000d7000000,0x00000000d7000000,0x00000000d7280000)
  to   space 512K, 0% used [0x00000000d6780000,0x00000000d6780000,0x00000000d6800000)
 ParOldGen       total 5632K, used 5398K [0x0000000082400000, 0x0000000082980000, 0x00000000d6180000)
  object space 5632K, 95% used [0x0000000082400000,0x0000000082945968,0x0000000082980000)
 Metaspace       used 7722K, capacity 8564K, committed 8704K, reserved 1056768K
  class space    used 907K, capacity 944K, committed 1024K, reserved 1048576K
}
Event: 1.433 GC heap before
{Heap before GC invocations=12 (full 6):
 PSYoungGen      total 8704K, used 6144K [0x00000000d6180000, 0x00000000d7280000, 0x0000000100000000)
  eden space 6144K, 100% used [0x00000000d6180000,0x00000000d6780000,0x00000000d6780000)
  from space 2560K, 0% used [0x00000000d7000000,0x00000000d7000000,0x00000000d7280000)
  to   space 512K, 0% used [0x00000000d6780000,0x00000000d6780000,0x00000000d6800000)
 ParOldGen       total 5632K, used 5398K [0x0000000082400000, 0x0000000082980000, 0x00000000d6180000)
  object space 5632K, 95% used [0x0000000082400000,0x0000000082945968,0x0000000082980000)
 Metaspace       used 8452K, capacity 8948K, committed 9216K, reserved 1056768K
  class space    used 988K, capacity 1008K, committed 1024K, reserved 1048576K

